0 info it worked if it ends with ok
1 verbose cli [ 'C:\\Program Files\\nodejs\\node.exe',
1 verbose cli   'C:\\Users\\ldh\\AppData\\Roaming\\npm\\node_modules\\npm\\bin\\npm-cli.js',
1 verbose cli   'run',
1 verbose cli   'watch' ]
2 info using npm@4.0.5
3 info using node@v7.9.0
4 verbose run-script [ 'prewatch', 'watch', 'postwatch' ]
5 info lifecycle mygame@1.0.0~prewatch: mygame@1.0.0
6 silly lifecycle mygame@1.0.0~prewatch: no script for prewatch, continuing
7 info lifecycle mygame@1.0.0~watch: mygame@1.0.0
8 verbose lifecycle mygame@1.0.0~watch: unsafe-perm in lifecycle true
9 verbose lifecycle mygame@1.0.0~watch: PATH: C:\Users\ldh\AppData\Roaming\npm\node_modules\npm\bin\node-gyp-bin;C:\Users\ldh\Documents\GitHub\babylonDemo\node_modules\.bin;C:\Python27\;C:\Python27\Scripts;C:\Windows\system32;C:\Windows;C:\Windows\System32\Wbem;C:\Windows\System32\WindowsPowerShell\v1.0\;C:\Program Files (x86)\Tesseract-OCR;C:\Program Files\Common Files\Autodesk Shared\;C:\Users\ldh\.dnx\bin;C:\Program Files\Microsoft DNX\Dnvm\;C:\Program Files\Microsoft SQL Server\120\Tools\Binn\;C:\Program Files\Microsoft SQL Server\130\Tools\Binn\;C:\Program Files (x86)\Windows Kits\10\Windows Performance Toolkit\;C:\Program Files (x86)\GtkSharp\2.12\bin;D:\Android\sdk\platform-tools;D:\Android\sdk\tools;C:\Program Files (x86)\NVIDIA Corporation\PhysX\Common;C:\Go\bin;C:\Program Files\nodejs\;C:\Python27\;C:\Python27\Scripts;C:\Program Files (x86)\Microsoft VS Code\bin;C:\Program Files\Java\jdk1.8.0_111\bin;C:\Program Files\Java\jdk1.8.0_111\jre\bin;C:\Users\ldh\AppData\Roaming\npm;C:\cmder
10 verbose lifecycle mygame@1.0.0~watch: CWD: C:\Users\ldh\Documents\GitHub\babylonDemo
11 silly lifecycle mygame@1.0.0~watch: Args: [ '/d /s /c',
11 silly lifecycle   'webpack --display-error-details --progress --colors --watch' ]
12 silly lifecycle mygame@1.0.0~watch: Returned: code: 1  signal: null
13 info lifecycle mygame@1.0.0~watch: Failed to exec watch script
14 verbose stack Error: mygame@1.0.0 watch: `webpack --display-error-details --progress --colors --watch`
14 verbose stack Exit status 1
14 verbose stack     at EventEmitter.<anonymous> (C:\Users\ldh\AppData\Roaming\npm\node_modules\npm\lib\utils\lifecycle.js:279:16)
14 verbose stack     at emitTwo (events.js:106:13)
14 verbose stack     at EventEmitter.emit (events.js:194:7)
14 verbose stack     at ChildProcess.<anonymous> (C:\Users\ldh\AppData\Roaming\npm\node_modules\npm\lib\utils\spawn.js:40:14)
14 verbose stack     at emitTwo (events.js:106:13)
14 verbose stack     at ChildProcess.emit (events.js:194:7)
14 verbose stack     at maybeClose (internal/child_process.js:899:16)
14 verbose stack     at Process.ChildProcess._handle.onexit (internal/child_process.js:226:5)
15 verbose pkgid mygame@1.0.0
16 verbose cwd C:\Users\ldh\Documents\GitHub\babylonDemo
17 error Windows_NT 10.0.10240
18 error argv "C:\\Program Files\\nodejs\\node.exe" "C:\\Users\\ldh\\AppData\\Roaming\\npm\\node_modules\\npm\\bin\\npm-cli.js" "run" "watch"
19 error node v7.9.0
20 error npm  v4.0.5
21 error code ELIFECYCLE
22 error mygame@1.0.0 watch: `webpack --display-error-details --progress --colors --watch`
22 error Exit status 1
23 error Failed at the mygame@1.0.0 watch script 'webpack --display-error-details --progress --colors --watch'.
23 error Make sure you have the latest version of node.js and npm installed.
23 error If you do, this is most likely a problem with the mygame package,
23 error not with npm itself.
23 error Tell the author that this fails on your system:
23 error     webpack --display-error-details --progress --colors --watch
23 error You can get information on how to open an issue for this project with:
23 error     npm bugs mygame
23 error Or if that isn't available, you can get their info via:
23 error     npm owner ls mygame
23 error There is likely additional logging output above.
24 verbose exit [ 1, true ]
